GROUP,PACKAGE,CLASS,INSTRUCTION_MISSED,INSTRUCTION_COVERED,BRANCH_MISSED,BRANCH_COVERED,LINE_MISSED,LINE_COVERED,COMPLEXITY_MISSED,COMPLEXITY_COVERED,METHOD_MISSED,METHOD_COVERED
EmployeeReimburseM,com.web.util,ConnectionUtil,3,44,0,2,2,14,0,4,0,3
EmployeeReimburseM,com.web.dao,UserDao,27,155,2,4,16,26,6,5,4,4
EmployeeReimburseM,com.web.dao,ReimbursementDao,48,476,4,16,26,104,6,16,2,10
EmployeeReimburseM,com.web.controller,SessionController,18,3,0,0,6,1,3,1,3,1
EmployeeReimburseM,com.web.controller,ReimbursementDataController,147,0,0,0,39,0,6,0,6,0
EmployeeReimburseM,com.web.controller,ReimbursementController,90,0,2,0,22,0,7,0,6,0
EmployeeReimburseM,com.web.controller,UserController,61,19,4,0,14,7,2,3,0,3
EmployeeReimburseM,com.web.service,ReimbursementService,55,0,0,0,13,0,9,0,9,0
EmployeeReimburseM,com.web.service,UserService,31,21,0,0,5,7,4,3,4,3
EmployeeReimburseM,com.web.servlet,DataServlet,17,0,0,0,5,0,3,0,3,0
EmployeeReimburseM,com.web.servlet,ViewServlet,36,0,0,0,9,0,3,0,3,0
EmployeeReimburseM,com.web.servlet,RequestForwarder,84,0,12,0,21,0,13,0,3,0
EmployeeReimburseM,com.web.model,Reimburse,29,180,0,0,13,72,4,30,4,30
EmployeeReimburseM,com.web.model,User,0,118,0,0,0,33,0,17,0,17
